<?xml version="1.0" encoding="UTF-8"?>
<!-- Generated by org.testng.reporters.JUnitReportReporter -->
<testsuite hostname="LAPTOP-CQI6JJLB" failures="0" tests="1" name="com.testscenarios.AccountCreation" time="42.775" errors="0" timestamp="2022-12-25T18:24:02 PST" skipped="0">
  <testcase classname="com.testscenarios.AccountCreation" name="f" time="42.775"/>
  <system-out/>
</testsuite> <!-- com.testscenarios.AccountCreation -->
